****************************************************************
  Sure Independence Screening and Sparsifying Operator (SISSO)  
             Version SISSO.3.3, July, 2023.                
****************************************************************

Read in data from train.dat
Read in data from SISSO.in
Property type:     1
Number of tasks:        1
Descriptor dimension:        1
Number of samples for the task(s):    509
Restarts :  0
Number of scalar features:       18
Tier of the feature space:        3
Maximal feature complexity (number of operators in a feature):        7
Unit of input primary feature, each represented by a row vector: 
    1.00    0.00    0.00    0.00    0.00    0.00    0.00
    0.00    1.00    0.00    0.00    0.00    0.00    0.00
    0.00    1.00    0.00    0.00    0.00    0.00    0.00
    0.00    0.00    1.00    0.00    0.00    0.00    0.00
    0.00    0.00    1.00    0.00    0.00    0.00    0.00
    0.00    0.00    0.00    1.00    0.00    0.00    0.00
    0.00    0.00    0.00    1.00    0.00    0.00    0.00
    0.00    0.00    0.00    1.00    0.00    0.00    0.00
    0.00    0.00    0.00    0.00    0.00    0.00    0.00
    0.00    0.00    0.00    0.00    1.00    0.00    0.00
    0.00    0.00    0.00    0.00    1.00    0.00    0.00
    0.00    0.00    0.00    0.00    1.00    0.00    0.00
    0.00    0.00    0.00    0.00    0.00    1.00    0.00
    0.00    0.00    0.00    0.00    0.00    1.00    0.00
    0.00    0.00    0.00    0.00    0.00    1.00    0.00
    0.00    0.00    0.00    0.00    0.00    0.00    1.00
    0.00    0.00    0.00    0.00    0.00    0.00    1.00
    0.00    0.00    0.00    0.00    0.00    0.00    1.00
The feature will be discarded if the minimum of the maximal abs. value in it <    0.10000E-02
The faature will be discarded if the maximum of the maximal abs. value in it >     0.10000E+06
Size of the SIS-selected (single) subspace :  10000
Operators for feature construction: (+)(-)(*)(/)(exp)(exp-)(^-1)(^2)(^3)(sqrt)(cbrt)(log)(^6) (+)(-)(*)(/)(exp)(exp-)(^-1)(^2)(^3)(sqrt)(cbrt)(log)(^6) (+)(-)(*)(/)(exp)(exp-)(^-1)(^2)(^3)(sqrt)(cbrt)(log)(^6) 
Method for sparse regression:  L0        
Fitting intercept:      T
Metric for model selection: RMSE
Number of the top-ranked models to output:    10000
--------------------------------------------------------------------------------

Dimension:   1
-------------------
Feature Construction (FC) starts ...
Population Standard Deviation (SD) of the task 001:    0.20636
Total number of features in the space phi00:             18
Total number of features in the space phi01:            663
Total number of features in the space phi02:         200284
Total number of features in the space phi03:    58109915541
Size of the SIS-selected subspace from phi03:      10000
Time (second) used for this FC:         9643.14

Descriptor Identification (DI) starts ...
Total number of SIS-selected features from all dimensions:      10000
 
Final model/descriptor !
================================================================================
  1D descriptor: 
     d001 = (exp(cbrt(TmP))*((AW_A/AW_Dif)-(CovRat)^3))    feature_ID:000001

  1D model(y=sum(ci*di)+c0): 
     coeff.(ci)_task001:     0.1793782176E-03
             c0_task001:     0.4436180871E-02
     RMSE,MaxAE_task001:     0.1479037980E+00    0.1189310690E+01

     RMSE and MaxAE of the model:   0.147904  1.189311
================================================================================
Time (second) used for this DI:            1.94
Total time (second):         9648.37
Have a nice day !    

