****************************************************************
  Sure Independence Screening and Sparsifying Operator (SISSO)  
             Version SISSO.3.3, July, 2023.                
****************************************************************

Read in data from train.dat
Read in data from SISSO.in
Property type:     1
Number of tasks:        1
Descriptor dimension:        2
Number of samples for the task(s):    776
Restarts :  0
Number of scalar features:       18
Tier of the feature space:        3
Maximal feature complexity (number of operators in a feature):        7
Unit of input primary feature, each represented by a row vector: 
    1.00    0.00    0.00    0.00    0.00    0.00    0.00
    0.00    1.00    0.00    0.00    0.00    0.00    0.00
    0.00    1.00    0.00    0.00    0.00    0.00    0.00
    0.00    0.00    1.00    0.00    0.00    0.00    0.00
    0.00    0.00    1.00    0.00    0.00    0.00    0.00
    0.00    0.00    0.00    1.00    0.00    0.00    0.00
    0.00    0.00    0.00    1.00    0.00    0.00    0.00
    0.00    0.00    0.00    1.00    0.00    0.00    0.00
    0.00    0.00    0.00    0.00    0.00    0.00    0.00
    0.00    0.00    0.00    0.00    1.00    0.00    0.00
    0.00    0.00    0.00    0.00    1.00    0.00    0.00
    0.00    0.00    0.00    0.00    1.00    0.00    0.00
    0.00    0.00    0.00    0.00    0.00    1.00    0.00
    0.00    0.00    0.00    0.00    0.00    1.00    0.00
    0.00    0.00    0.00    0.00    0.00    1.00    0.00
    0.00    0.00    0.00    0.00    0.00    0.00    1.00
    0.00    0.00    0.00    0.00    0.00    0.00    1.00
    0.00    0.00    0.00    0.00    0.00    0.00    1.00
The feature will be discarded if the minimum of the maximal abs. value in it <    0.10000E-02
The faature will be discarded if the maximum of the maximal abs. value in it >     0.10000E+06
Size of the SIS-selected (single) subspace :  10000 10000
Operators for feature construction: (+)(-)(*)(/)(exp)(exp-)(^-1)(^2)(^3)(sqrt)(cbrt)(log)(^6) (+)(-)(*)(/)(exp)(exp-)(^-1)(^2)(^3)(sqrt)(cbrt)(log)(^6) (+)(-)(*)(/)(exp)(exp-)(^-1)(^2)(^3)(sqrt)(cbrt)(log)(^6) 
Method for sparse regression:  L0        
Fitting intercept:      T
Metric for model selection: RMSE
Number of the top-ranked models to output:    10000
--------------------------------------------------------------------------------

Dimension:   1
-------------------
Feature Construction (FC) starts ...
Population Standard Deviation (SD) of the task 001:    0.21897
Total number of features in the space phi00:             18
Total number of features in the space phi01:            664
Total number of features in the space phi02:         200475
Total number of features in the space phi03:    58289071766
Size of the SIS-selected subspace from phi03:      10000
Time (second) used for this FC:        13886.55

Descriptor Identification (DI) starts ...
Total number of SIS-selected features from all dimensions:      10000
 
  1D descriptor: 
     d001 = (exp((AW_A/TmP))*(cbrt(AW_C)*(V_A/CovDiff)))    feature_ID:000001

  1D model(y=sum(ci*di)+c0): 
     coeff.(ci)_task001:     0.8816355325E-02
             c0_task001:    -0.2624385221E+01
     RMSE,MaxAE_task001:     0.1224537506E+00    0.7533190979E+00

     RMSE and MaxAE of the model:   0.122454  0.753319
--------------------------------------------------------------------------------
Time (second) used for this DI:            3.76

Dimension:   2
-------------------
Feature Construction (FC) starts ...
Total number of features in the space phi00:             18
Total number of features in the space phi01:            664
Total number of features in the space phi02:         200475
Total number of features in the space phi03:    58289071766
Size of the SIS-selected subspace from phi03:      10000
Time (second) used for this FC:        13886.53

Descriptor Identification (DI) starts ...
Total number of SIS-selected features from all dimensions:      20000
 
Final model/descriptor !
================================================================================
  2D descriptor: 
     d001 = (exp((AW_A/TmP))*(cbrt(AW_C)*(V_A/CovDiff)))    feature_ID:000001
     d002 = ((CovDiff*(TmP)^6)-((TmP)^6/(CovDiff)^-1))    feature_ID:010001

  2D model(y=sum(ci*di)+c0): 
     coeff.(ci)_task001:     0.8822858393E-02    0.1060702015E-01
             c0_task001:    -0.2626596806E+01
     RMSE,MaxAE_task001:     0.1194145808E+00    0.7530022410E+00

     RMSE and MaxAE of the model:   0.119415  0.753002
================================================================================
Time (second) used for this DI:          200.54
Total time (second):        27994.63
Have a nice day !    

